  and.cpp
C:\Users\wouter boerenkamps\Documents\school\depa\DesignPatterns\design\src\and.cpp(1,10): error C1083: Cannot open include file: 'and.h': No such file or directory
  component.cpp
C:\Users\wouter boerenkamps\Documents\school\depa\DesignPatterns\design\src\component.cpp(1,10): error C1083: Cannot open include file: 'component.h': No such file or directory
  componentFactory.cpp
  composite.cpp
C:\Users\wouter boerenkamps\Documents\school\depa\DesignPatterns\design\src\composite.cpp(1,10): error C1083: Cannot open include file: 'Composite.h': No such file or directory
  FileRead copy.cpp
  FileRead.cpp
  input.cpp
C:\Users\wouter boerenkamps\Documents\school\depa\DesignPatterns\design\src\input.cpp(1,10): error C1083: Cannot open include file: 'component.h': No such file or directory
  iterator.cpp
  main.cpp
C:\Users\wouter boerenkamps\Documents\school\depa\DesignPatterns\design\src\main.cpp(1,10): error C1083: Cannot open include file: 'component.h': No such file or directory
  not.cpp
C:\Users\wouter boerenkamps\Documents\school\depa\DesignPatterns\design\src\not.cpp(1,10): error C1083: Cannot open include file: 'component.h': No such file or directory
  or.cpp
C:\Users\wouter boerenkamps\Documents\school\depa\DesignPatterns\design\src\or.cpp(1,10): error C1083: Cannot open include file: 'component.h': No such file or directory
  probe.cpp
C:\Users\wouter boerenkamps\Documents\school\depa\DesignPatterns\design\src\probe.cpp(1,10): error C1083: Cannot open include file: 'component.h': No such file or directory
  xor.cpp
C:\Users\wouter boerenkamps\Documents\school\depa\DesignPatterns\design\src\xor.cpp(1,10): error C1083: Cannot open include file: 'component.h': No such file or directory
  add.cpp
/add.cpp(1,1): error C1083: Cannot open source file: 'add.cpp': No such file or directory
  DesignPatterns.cpp
C:\Users\wouter boerenkamps\Documents\school\depa\v2\DesignPatterns\DesignPatterns\DesignPatterns.cpp(1,1): error C2059: syntax error: '/'
C:\Users\wouter boerenkamps\Documents\school\depa\v2\DesignPatterns\DesignPatterns\DesignPatterns.cpp(1,24): error C4430: missing type specifier - int assumed. Note: C++ does not support default-int
C:\Users\wouter boerenkamps\Documents\school\depa\v2\DesignPatterns\DesignPatterns\DesignPatterns.cpp(1,29): error C2146: syntax error: missing ';' before identifier 'file'
D:\vscode\VC\Tools\MSVC\14.40.33807\include\sal.h(2361,12): error C2143: syntax error: missing ';' before '{'
D:\vscode\VC\Tools\MSVC\14.40.33807\include\sal.h(2361,12): error C2447: '{': missing function header (old-style formal list?)
  Generating Code...
